<?xml version="1.0" encoding="UTF-8"?>
<testng-results skipped="0" failed="0" ignored="0" total="1" passed="1">
  <reporter-output>
  </reporter-output>
  <suite name="Default suite" duration-ms="859" started-at="2019-04-01T04:49:07Z" finished-at="2019-04-01T04:49:08Z">
    <groups>
      <group name="cucumber">
        <method signature="AbstractTestNGCucumberTests.feature(cucumber.api.testng.CucumberFeatureWrapper)[pri:0, instance:com.aparna.cucumber.TestRunnerWithTestNG@548e7350]" name="feature" class="cucumber.api.testng.AbstractTestNGCucumberTests"/>
      </group> <!-- cucumber -->
    </groups>
    <test name="Default test" duration-ms="859" started-at="2019-04-01T04:49:07Z" finished-at="2019-04-01T04:49:08Z">
      <class name="com.aparna.cucumber.TestRunnerWithTestNG">
        <test-method status="PASS" signature="setUpClass()[pri:0, instance:com.aparna.cucumber.TestRunnerWithTestNG@548e7350]" name="setUpClass" is-config="true" duration-ms="388" started-at="2019-04-01T04:49:07Z" finished-at="2019-04-01T04:49:07Z">
          <reporter-output>
          </reporter-output>
        </test-method> <!-- setUpClass -->
        <test-method status="PASS" signature="feature(cucumber.api.testng.CucumberFeatureWrapper)[pri:0, instance:com.aparna.cucumber.TestRunnerWithTestNG@548e7350]" name="feature" duration-ms="274" started-at="2019-04-01T04:49:07Z" description="Runs Cucumber Feature" data-provider="features" finished-at="2019-04-01T04:49:08Z">
          <params>
            <param index="0">
              <value>
                <![CDATA[User login]]>
              </value>
            </param>
          </params>
          <reporter-output>
          </reporter-output>
        </test-method> <!-- feature -->
        <test-method status="PASS" signature="tearDownClass()[pri:0, instance:com.aparna.cucumber.TestRunnerWithTestNG@548e7350]" name="tearDownClass" is-config="true" duration-ms="98" started-at="2019-04-01T04:49:08Z" finished-at="2019-04-01T04:49:08Z">
          <reporter-output>
          </reporter-output>
        </test-method> <!-- tearDownClass -->
      </class> <!-- com.aparna.cucumber.TestRunnerWithTestNG -->
    </test> <!-- Default test -->
  </suite> <!-- Default suite -->
</testng-results>
